[debug] > Exec(early(addDefaultCommands), None, None)
[debug] > Exec(addDefaultCommands, None, None)
[debug] > Exec(early(initialize), None, None)
[debug] > Exec(initialize, None, None)
[debug] > Exec(boot, None, None)
[debug] > Exec(writeSbtVersion, None, None)
[debug] > Exec(reload, None, None)
[debug] > Exec(sbtStashOnFailure, None, None)
[debug] > Exec(onFailure loadFailed, None, None)
[debug] > Exec(loadp, None, None)
[info] welcome to sbt 1.5.5 (Oracle Corporation Java 16.0.1)
[debug]       Load.loadUnit: plugins took 618.7906ms
[debug]       Load.loadUnit: defsScala took 0.6883ms
[debug] [Loading] Scanning directory C:\Users\joshu\.sbt\1.0\plugins
[debug] [Loading] Found non-root projects 
[debug] [Loading] Done in C:\Users\joshu\.sbt\1.0\plugins, returning: ()
[debug] deducing auto plugins based on known facts Set(Atom(sbt.plugins.CorePlugin)) and clauses Clauses(Clause(Atom(sbt.plugins.JvmPlugin),Set(Atom(sbt.plugins.IvyPlugin)))
[debug] Clause(Atom(sbt.ScriptedPlugin),Set(Atom(sbt.plugins.JvmPlugin)))
[debug] Clause(Atom(sbt.plugins.SbtPlugin),Set(Atom(sbt.ScriptedPlugin)))
[debug] Clause(Atom(sbt.plugins.SemanticdbPlugin),Set(Atom(sbt.plugins.JvmPlugin)))
[debug] Clause(Atom(sbt.plugins.JUnitXmlReportPlugin),Set(Atom(sbt.plugins.JvmPlugin)))
[debug] Clause(Atom(sbt.plugins.MiniDependencyTreePlugin),Set(Atom(sbt.plugins.JvmPlugin)))
[debug] Clause(Atom(sbt.plugins.CorePlugin),Set(Atom(sbt.plugins.IvyPlugin)))
[debug] Clause(Atom(sbt.plugins.IvyPlugin),Set(Atom(sbt.plugins.JvmPlugin)))
[debug] Clause(Atom(sbt.plugins.JvmPlugin),Set(Atom(sbt.plugins.SemanticdbPlugin)))
[debug] Clause(Atom(sbt.plugins.JvmPlugin),Set(Atom(sbt.plugins.JUnitXmlReportPlugin)))
[debug] Clause(Atom(sbt.plugins.CorePlugin),Set(Atom(sbt.plugins.Giter8TemplatePlugin)))
[debug] Clause(Atom(sbt.plugins.JvmPlugin),Set(Atom(sbt.plugins.MiniDependencyTreePlugin))))
[debug]   :: deduced result: Matched(sbt.plugins.CorePlugin,sbt.plugins.Giter8TemplatePlugin,sbt.plugins.IvyPlugin,sbt.plugins.JvmPlugin,sbt.plugins.MiniDependencyTreePlugin,sbt.plugins.JUnitXmlReportPlugin,sbt.plugins.SemanticdbPlugin)
[debug] Plugins.deducer#function took 82.1472 ms
[debug]           Load.resolveProject(global-plugins) took 135.2774ms
[debug]         Load.loadTransitive: finalizeProject(Project(id global-plugins, base: C:\Users\joshu\.sbt\1.0\plugins, plugins: List(<none>))) took 315.7865ms
[debug] [Loading] Done in C:\Users\joshu\.sbt\1.0\plugins, returning: (global-plugins)
[debug]       Load.loadUnit: loadedProjectsRaw took 403.5977ms
[debug]       Load.loadUnit: cleanEvalClasses took 0.617ms
[debug]     Load.loadUnit(file:/C:/Users/joshu/.sbt/1.0/plugins/, ...) took 1091.17ms
[debug]   Load.apply: load took 1913.9567ms
[debug]   Load.apply: resolveProjects took 18.0826ms
[debug]   Load.apply: finalTransforms took 263.2175ms
[debug]   Load.apply: config.delegates took 49.8171ms
[debug]   Load.apply: Def.make(settings)... took 2236.041ms
[debug]   Load.apply: structureIndex took 424.91ms
[debug]   Load.apply: mkStreams took 3.302ms
[info] loading global plugins from C:\Users\joshu\.sbt\1.0\plugins
[debug] Running task... Cancel: Signal, check cycles: false, forcegc: true
[debug] Load.defaultLoad until apply took 21711.4703ms
[debug]           Load.loadUnit: plugins took 160.6237ms
[debug]           Load.loadUnit: defsScala took 0.0076ms
[debug] [Loading] Scanning directory C:\Users\joshu\IdeaProjects\Calculator\project
[debug] [Loading] Found non-root projects 
[debug] [Loading] Done in C:\Users\joshu\IdeaProjects\Calculator\project, returning: ()
[debug] deducing auto plugins based on known facts Set(Atom(sbt.plugins.CorePlugin)) and clauses Clauses(Clause(Atom(sbt.plugins.JvmPlugin),Set(Atom(sbt.plugins.IvyPlugin)))
[debug] Clause(Atom(sbt.ScriptedPlugin),Set(Atom(sbt.plugins.JvmPlugin)))
[debug] Clause(Atom(sbt.plugins.SbtPlugin),Set(Atom(sbt.ScriptedPlugin)))
[debug] Clause(Atom(sbt.plugins.SemanticdbPlugin),Set(Atom(sbt.plugins.JvmPlugin)))
[debug] Clause(Atom(sbt.plugins.JUnitXmlReportPlugin),Set(Atom(sbt.plugins.JvmPlugin)))
[debug] Clause(Atom(sbt.plugins.MiniDependencyTreePlugin),Set(Atom(sbt.plugins.JvmPlugin)))
[debug] Clause(Atom(sbt.plugins.CorePlugin),Set(Atom(sbt.plugins.IvyPlugin)))
[debug] Clause(Atom(sbt.plugins.IvyPlugin),Set(Atom(sbt.plugins.JvmPlugin)))
[debug] Clause(Atom(sbt.plugins.JvmPlugin),Set(Atom(sbt.plugins.SemanticdbPlugin)))
[debug] Clause(Atom(sbt.plugins.JvmPlugin),Set(Atom(sbt.plugins.JUnitXmlReportPlugin)))
[debug] Clause(Atom(sbt.plugins.CorePlugin),Set(Atom(sbt.plugins.Giter8TemplatePlugin)))
[debug] Clause(Atom(sbt.plugins.JvmPlugin),Set(Atom(sbt.plugins.MiniDependencyTreePlugin))))
[debug]   :: deduced result: Matched(sbt.plugins.CorePlugin,sbt.plugins.Giter8TemplatePlugin,sbt.plugins.IvyPlugin,sbt.plugins.JvmPlugin,sbt.plugins.MiniDependencyTreePlugin,sbt.plugins.JUnitXmlReportPlugin,sbt.plugins.SemanticdbPlugin)
[debug] Plugins.deducer#function took 6.7355 ms
[debug]               Load.resolveProject(calculator-build) took 10.2253ms
[debug]             Load.loadTransitive: finalizeProject(Project(id calculator-build, base: C:\Users\joshu\IdeaProjects\Calculator\project, plugins: List(<none>))) took 18.2155ms
[debug] [Loading] Done in C:\Users\joshu\IdeaProjects\Calculator\project, returning: (calculator-build)
[debug]           Load.loadUnit: loadedProjectsRaw took 23.1715ms
[debug]           Load.loadUnit: cleanEvalClasses took 0.0283ms
[debug]         Load.loadUnit(file:/C:/Users/joshu/IdeaProjects/Calculator/project/, ...) took 185.8052ms
[debug]       Load.apply: load took 191.595ms
[debug]       Load.apply: resolveProjects took 0.2586ms
[debug]       Load.apply: finalTransforms took 142.0139ms
[debug]       Load.apply: config.delegates took 3.252ms
[debug]       Load.apply: Def.make(settings)... took 1512.4432ms
[debug]       Load.apply: structureIndex took 129.827ms
[debug]       Load.apply: mkStreams took 0.0045ms
[info] loading project definition from C:\Users\joshu\IdeaProjects\Calculator\project
[debug] Running task... Cancel: Signal, check cycles: false, forcegc: true
[debug]     Load.loadUnit: plugins took 3753.1754ms
[debug]     Load.loadUnit: defsScala took 0.0076ms
[debug] [Loading] Scanning directory C:\Users\joshu\IdeaProjects\Calculator
[debug]       Load.loadUnit: mkEval took 15.5615ms
[debug] [Loading] Found non-root projects 
[debug] [Loading] Done in C:\Users\joshu\IdeaProjects\Calculator, returning: ()
[debug] deducing auto plugins based on known facts Set(Atom(sbt.plugins.CorePlugin)) and clauses Clauses(Clause(Atom(sbt.plugins.JvmPlugin),Set(Atom(sbt.plugins.IvyPlugin)))
[debug] Clause(Atom(sbt.ScriptedPlugin),Set(Atom(sbt.plugins.JvmPlugin)))
[debug] Clause(Atom(sbt.plugins.SbtPlugin),Set(Atom(sbt.ScriptedPlugin)))
[debug] Clause(Atom(sbt.plugins.SemanticdbPlugin),Set(Atom(sbt.plugins.JvmPlugin)))
[debug] Clause(Atom(sbt.plugins.JUnitXmlReportPlugin),Set(Atom(sbt.plugins.JvmPlugin)))
[debug] Clause(Atom(sbt.plugins.MiniDependencyTreePlugin),Set(Atom(sbt.plugins.JvmPlugin)))
[debug] Clause(Atom(sbt.plugins.CorePlugin),Set(Atom(sbt.plugins.IvyPlugin)))
[debug] Clause(Atom(sbt.plugins.IvyPlugin),Set(Atom(sbt.plugins.JvmPlugin)))
[debug] Clause(Atom(sbt.plugins.JvmPlugin),Set(Atom(sbt.plugins.SemanticdbPlugin)))
[debug] Clause(Atom(sbt.plugins.JvmPlugin),Set(Atom(sbt.plugins.JUnitXmlReportPlugin)))
[debug] Clause(Atom(sbt.plugins.CorePlugin),Set(Atom(sbt.plugins.Giter8TemplatePlugin)))
[debug] Clause(Atom(sbt.plugins.JvmPlugin),Set(Atom(sbt.plugins.MiniDependencyTreePlugin))))
[debug]   :: deduced result: Matched(sbt.plugins.CorePlugin,sbt.plugins.Giter8TemplatePlugin,sbt.plugins.IvyPlugin,sbt.plugins.JvmPlugin,sbt.plugins.MiniDependencyTreePlugin,sbt.plugins.JUnitXmlReportPlugin,sbt.plugins.SemanticdbPlugin)
[debug] Plugins.deducer#function took 8.9017 ms
[info] loading settings for project calculator from build.sbt ...
[debug]         Load.resolveProject(calculator) took 9.7461ms
[debug]       Load.loadTransitive: finalizeProject(Project(id calculator, base: C:\Users\joshu\IdeaProjects\Calculator, plugins: List(<none>))) took 23.2933ms
[debug] [Loading] Done in C:\Users\joshu\IdeaProjects\Calculator, returning: (calculator)
[debug]     Load.loadUnit: loadedProjectsRaw took 968.3434ms
[debug]     Load.loadUnit: cleanEvalClasses took 135.4252ms
[debug]   Load.loadUnit(file:/C:/Users/joshu/IdeaProjects/Calculator/, ...) took 4862.4882ms
[debug] Load.apply: load took 4868.0058ms
[debug] Load.apply: resolveProjects took 0.2549ms
[debug] Load.apply: finalTransforms took 122.009ms
[debug] Load.apply: config.delegates took 1.1358ms
[debug] Load.apply: Def.make(settings)... took 604.9257ms
[debug] Load.apply: structureIndex took 182.1421ms
[debug] Load.apply: mkStreams took 0.0044ms
[info] set current project to Calculator (in build file:/C:/Users/joshu/IdeaProjects/Calculator/)
[debug] > Exec(sbtPopOnFailure, None, None)
[debug] > Exec(resumeFromFailure, None, None)
[debug] > Exec(notifyUsersAboutShell, None, None)
[debug] > Exec(iflast shell, None, None)
[debug] > Exec(shell, None, None)
[info] sbt server started at local:sbt-server-37c1538badd0f63cdcdf
[debug] Writing bsp connection file
[info] started sbt server
