[debug] > Exec(early(addDefaultCommands), None, None)
[debug] > Exec(addDefaultCommands, None, None)
[debug] > Exec(early(initialize), None, None)
[debug] > Exec(initialize, None, None)
[debug] > Exec(early(addPluginSbtFile="""C:\Users\joshu\AppData\Local\Temp\idea2.sbt"""), None, None)
[debug] > Exec(addPluginSbtFile="""C:\Users\joshu\AppData\Local\Temp\idea2.sbt""", None, None)
[debug] > Exec(boot, None, None)
[debug] > Exec(writeSbtVersion, None, None)
[debug] > Exec(reload, None, None)
[debug] > Exec(sbtStashOnFailure, None, None)
[debug] > Exec(onFailure loadFailed, None, None)
[debug] > Exec(loadp, None, None)
[info] welcome to sbt 1.5.5 (Oracle Corporation Java 16.0.1)
[debug]       Load.loadUnit: plugins took 716.5453ms
[debug]       Load.loadUnit: defsScala took 0.608101ms
[debug] [Loading] Scanning directory C:\Users\joshu\.sbt\1.0\plugins
[debug] [Loading] Found non-root projects 
[debug] [Loading] Done in C:\Users\joshu\.sbt\1.0\plugins, returning: ()
[debug] deducing auto plugins based on known facts Set(Atom(sbt.plugins.CorePlugin)) and clauses Clauses(Clause(Atom(sbt.plugins.JvmPlugin),Set(Atom(sbt.plugins.IvyPlugin)))
[debug] Clause(Atom(sbt.ScriptedPlugin),Set(Atom(sbt.plugins.JvmPlugin)))
[debug] Clause(Atom(sbt.plugins.SbtPlugin),Set(Atom(sbt.ScriptedPlugin)))
[debug] Clause(Atom(sbt.plugins.SemanticdbPlugin),Set(Atom(sbt.plugins.JvmPlugin)))
[debug] Clause(Atom(sbt.plugins.JUnitXmlReportPlugin),Set(Atom(sbt.plugins.JvmPlugin)))
[debug] Clause(Atom(sbt.plugins.MiniDependencyTreePlugin),Set(Atom(sbt.plugins.JvmPlugin)))
[debug] Clause(Atom(sbt.plugins.CorePlugin),Set(Atom(sbt.plugins.IvyPlugin)))
[debug] Clause(Atom(sbt.plugins.IvyPlugin),Set(Atom(sbt.plugins.JvmPlugin)))
[debug] Clause(Atom(sbt.plugins.JvmPlugin),Set(Atom(sbt.plugins.SemanticdbPlugin)))
[debug] Clause(Atom(sbt.plugins.JvmPlugin),Set(Atom(sbt.plugins.JUnitXmlReportPlugin)))
[debug] Clause(Atom(sbt.plugins.CorePlugin),Set(Atom(sbt.plugins.Giter8TemplatePlugin)))
[debug] Clause(Atom(sbt.plugins.JvmPlugin),Set(Atom(sbt.plugins.MiniDependencyTreePlugin))))
[debug]   :: deduced result: Matched(sbt.plugins.CorePlugin,sbt.plugins.Giter8TemplatePlugin,sbt.plugins.IvyPlugin,sbt.plugins.JvmPlugin,sbt.plugins.MiniDependencyTreePlugin,sbt.plugins.JUnitXmlReportPlugin,sbt.plugins.SemanticdbPlugin)
[debug] Plugins.deducer#function took 248.805999 ms
[debug]           Load.resolveProject(global-plugins) took 1057.4722ms
[debug]         Load.loadTransitive: finalizeProject(Project(id global-plugins, base: C:\Users\joshu\.sbt\1.0\plugins, plugins: List(<none>))) took 1818.407701ms
[debug] [Loading] Done in C:\Users\joshu\.sbt\1.0\plugins, returning: (global-plugins)
[debug]       Load.loadUnit: loadedProjectsRaw took 2243.9151ms
[debug]       Load.loadUnit: cleanEvalClasses took 8.009999ms
[debug]     Load.loadUnit(file:/C:/Users/joshu/.sbt/1.0/plugins/, ...) took 3141.676399ms
[debug]   Load.apply: load took 6006.582699ms
[debug]   Load.apply: resolveProjects took 23.8651ms
[debug]   Load.apply: finalTransforms took 703.7408ms
[debug]   Load.apply: config.delegates took 41.9694ms
[debug]   Load.apply: Def.make(settings)... took 6793.8036ms
[debug]   Load.apply: structureIndex took 1163.0827ms
[debug]   Load.apply: mkStreams took 7.212ms
[info] loading global plugins from C:\Users\joshu\.sbt\1.0\plugins
[debug] Running task... Cancel: Signal, check cycles: false, forcegc: true
[debug] Load.defaultLoad until apply took 38830.9163ms
[debug]           Load.loadUnit: plugins took 334.7728ms
[debug]           Load.loadUnit: defsScala took 0.0081ms
[debug] [Loading] Scanning directory C:\Users\joshu\IdeaProjects\Calculator\project
[debug]             Load.loadUnit: mkEval took 45.1853ms
[debug] [Loading] Found non-root projects 
[debug] [Loading] Done in C:\Users\joshu\IdeaProjects\Calculator\project, returning: ()
[debug] deducing auto plugins based on known facts Set(Atom(sbt.plugins.CorePlugin)) and clauses Clauses(Clause(Atom(sbt.plugins.JvmPlugin),Set(Atom(sbt.plugins.IvyPlugin)))
[debug] Clause(Atom(sbt.ScriptedPlugin),Set(Atom(sbt.plugins.JvmPlugin)))
[debug] Clause(Atom(sbt.plugins.SbtPlugin),Set(Atom(sbt.ScriptedPlugin)))
[debug] Clause(Atom(sbt.plugins.SemanticdbPlugin),Set(Atom(sbt.plugins.JvmPlugin)))
[debug] Clause(Atom(sbt.plugins.JUnitXmlReportPlugin),Set(Atom(sbt.plugins.JvmPlugin)))
[debug] Clause(Atom(sbt.plugins.MiniDependencyTreePlugin),Set(Atom(sbt.plugins.JvmPlugin)))
[debug] Clause(Atom(sbt.plugins.CorePlugin),Set(Atom(sbt.plugins.IvyPlugin)))
[debug] Clause(Atom(sbt.plugins.IvyPlugin),Set(Atom(sbt.plugins.JvmPlugin)))
[debug] Clause(Atom(sbt.plugins.JvmPlugin),Set(Atom(sbt.plugins.SemanticdbPlugin)))
[debug] Clause(Atom(sbt.plugins.JvmPlugin),Set(Atom(sbt.plugins.JUnitXmlReportPlugin)))
[debug] Clause(Atom(sbt.plugins.CorePlugin),Set(Atom(sbt.plugins.Giter8TemplatePlugin)))
[debug] Clause(Atom(sbt.plugins.JvmPlugin),Set(Atom(sbt.plugins.MiniDependencyTreePlugin))))
[debug]   :: deduced result: Matched(sbt.plugins.CorePlugin,sbt.plugins.Giter8TemplatePlugin,sbt.plugins.IvyPlugin,sbt.plugins.JvmPlugin,sbt.plugins.MiniDependencyTreePlugin,sbt.plugins.JUnitXmlReportPlugin,sbt.plugins.SemanticdbPlugin)
[debug] Plugins.deducer#function took 18.9573 ms
[info] loading settings for project calculator-build from idea2.sbt ...
[debug]               Load.resolveProject(calculator-build) took 11.641399ms
[debug]             Load.loadTransitive: finalizeProject(Project(id calculator-build, base: C:\Users\joshu\IdeaProjects\Calculator\project, plugins: List(<none>))) took 33.329801ms
[debug] [Loading] Done in C:\Users\joshu\IdeaProjects\Calculator\project, returning: (calculator-build)
[debug]           Load.loadUnit: loadedProjectsRaw took 1466.4684ms
[debug]           Load.loadUnit: cleanEvalClasses took 42.6311ms
[debug]         Load.loadUnit(file:/C:/Users/joshu/IdeaProjects/Calculator/project/, ...) took 1846.492701ms
[debug]       Load.apply: load took 1861.611501ms
[debug]       Load.apply: resolveProjects took 0.308401ms
[debug]       Load.apply: finalTransforms took 44.1928ms
[debug]       Load.apply: config.delegates took 0.8639ms
[debug]       Load.apply: Def.make(settings)... took 940.302301ms
[debug]       Load.apply: structureIndex took 193.2728ms
[debug]       Load.apply: mkStreams took 0.0049ms
[info] loading project definition from C:\Users\joshu\IdeaProjects\Calculator\project
[debug] Running task... Cancel: Signal, check cycles: false, forcegc: true
[debug]     Load.loadUnit: plugins took 5826.6026ms
[debug]     Load.loadUnit: defsScala took 0.006001ms
[debug] [Loading] Scanning directory C:\Users\joshu\IdeaProjects\Calculator
[debug]       Load.loadUnit: mkEval took 1.1746ms
[debug] [Loading] Found non-root projects 
[debug] [Loading] Done in C:\Users\joshu\IdeaProjects\Calculator, returning: ()
[debug] deducing auto plugins based on known facts Set(Atom(sbt.plugins.CorePlugin)) and clauses Clauses(Clause(Atom(sbt.plugins.JvmPlugin),Set(Atom(sbt.plugins.IvyPlugin)))
[debug] Clause(Atom(sbt.ScriptedPlugin),Set(Atom(sbt.plugins.JvmPlugin)))
[debug] Clause(Atom(sbt.plugins.SbtPlugin),Set(Atom(sbt.ScriptedPlugin)))
[debug] Clause(Atom(sbt.plugins.SemanticdbPlugin),Set(Atom(sbt.plugins.JvmPlugin)))
[debug] Clause(Atom(sbt.plugins.JUnitXmlReportPlugin),Set(Atom(sbt.plugins.JvmPlugin)))
[debug] Clause(Atom(sbt.plugins.MiniDependencyTreePlugin),Set(Atom(sbt.plugins.JvmPlugin)))
[debug] Clause(Atom(org.jetbrains.sbt.StructurePlugin),Set(Atom(sbt.plugins.JvmPlugin)))
[debug] Clause(Atom(org.jetbrains.sbt.IdeaShellPlugin),Set(Atom(sbt.plugins.JvmPlugin)))
[debug] Clause(Atom(org.jetbrains.sbt.indices.SbtIntellijIndicesPlugin),Set(Atom(sbt.plugins.JvmPlugin)))
[debug] Clause(Atom(sbt.plugins.CorePlugin),Set(Atom(sbt.plugins.IvyPlugin)))
[debug] Clause(Atom(sbt.plugins.IvyPlugin),Set(Atom(sbt.plugins.JvmPlugin)))
[debug] Clause(Atom(sbt.plugins.JvmPlugin),Set(Atom(sbt.plugins.SemanticdbPlugin)))
[debug] Clause(Atom(sbt.plugins.JvmPlugin),Set(Atom(sbt.plugins.JUnitXmlReportPlugin)))
[debug] Clause(Atom(sbt.plugins.CorePlugin),Set(Atom(sbt.plugins.Giter8TemplatePlugin)))
[debug] Clause(Atom(sbt.plugins.JvmPlugin),Set(Atom(sbt.plugins.MiniDependencyTreePlugin)))
[debug] Clause(Atom(sbt.plugins.JvmPlugin),Set(Atom(org.jetbrains.sbt.StructurePlugin)))
[debug] Clause(Atom(sbt.plugins.JvmPlugin),Set(Atom(org.jetbrains.sbt.IdeaShellPlugin)))
[debug] Clause(And(Set(Atom(sbt.plugins.CorePlugin), Atom(sbt.plugins.JvmPlugin))),Set(Atom(org.jetbrains.sbt.indices.SbtIntellijIndicesPlugin))))
[debug]   :: deduced result: Matched(sbt.plugins.CorePlugin,sbt.plugins.Giter8TemplatePlugin,sbt.plugins.IvyPlugin,sbt.plugins.JvmPlugin,sbt.plugins.SemanticdbPlugin,org.jetbrains.sbt.indices.SbtIntellijIndicesPlugin,sbt.plugins.JUnitXmlReportPlugin,org.jetbrains.sbt.IdeaShellPlugin,org.jetbrains.sbt.StructurePlugin,sbt.plugins.MiniDependencyTreePlugin)
[debug] Plugins.deducer#function took 9.993899 ms
[info] loading settings for project calculator from build.sbt ...
[debug]         Load.resolveProject(calculator) took 158.6041ms
[debug]       Load.loadTransitive: finalizeProject(Project(id calculator, base: C:\Users\joshu\IdeaProjects\Calculator, plugins: List(<none>))) took 171.0177ms
[debug] [Loading] Done in C:\Users\joshu\IdeaProjects\Calculator, returning: (calculator)
[debug]     Load.loadUnit: loadedProjectsRaw took 303.0911ms
[debug]     Load.loadUnit: cleanEvalClasses took 91.871899ms
[debug]   Load.loadUnit(file:/C:/Users/joshu/IdeaProjects/Calculator/, ...) took 6226.3295ms
[debug] Load.apply: load took 6269.7518ms
[debug] Load.apply: resolveProjects took 0.391601ms
[debug] Load.apply: finalTransforms took 166.1733ms
[debug] Load.apply: config.delegates took 0.9258ms
[debug] Load.apply: Def.make(settings)... took 907.498201ms
[debug] Load.apply: structureIndex took 144.112599ms
[debug] Load.apply: mkStreams took 0.0041ms
[info] set current project to Calculator (in build file:/C:/Users/joshu/IdeaProjects/Calculator/)
[debug] > Exec(sbtPopOnFailure, None, None)
[debug] > Exec(resumeFromFailure, None, None)
[debug] > Exec(notifyUsersAboutShell, None, None)
[debug] > Exec(iflast shell, None, None)
[debug] > Exec(; set ideaPort in Global := 50789 ; idea-shell, None, None)
[debug] > Exec(set ideaPort in Global := 50789, None, None)
[info] Defining Global / ideaPort
[info] The new value will be used by Compile / compile, Test / compile
[debug] Defining 
[debug] 	Global / ideaPort
[debug] 
[debug] The new value will be used by 
[debug] 	Compile / compile
[debug] 	Test / compile
[info] Reapplying settings...
[info] set current project to Calculator (in build file:/C:/Users/joshu/IdeaProjects/Calculator/)
[debug] > Exec(idea-shell, None, None)
